2025-06-07T18:20:36.787+05:30  INFO 35772 --- [BCVWorld] [main] com.bcv.world.BcvWorldApplication        : Starting BcvWorldApplication using Java 17.0.11 with PID 35772 (D:\LearningInterview\BCVWorld\target\classes started by Bhagavan in D:\LearningInterview\BCVWorld)
2025-06-07T18:20:36.795+05:30  INFO 35772 --- [BCVWorld] [main] com.bcv.world.BcvWorldApplication        : No active profile set, falling back to 1 default profile: "default"
2025-06-07T18:20:37.965+05:30  INFO 35772 --- [BCVWorld] [main] .s.d.r.c.RepositoryConfigurationDelegate : Bootstrapping Spring Data JPA repositories in DEFAULT mode.
2025-06-07T18:20:38.082+05:30  INFO 35772 --- [BCVWorld] [main] .s.d.r.c.RepositoryConfigurationDelegate : Finished Spring Data repository scanning in 98 ms. Found 1 JPA repository interface.
2025-06-07T18:20:38.993+05:30  INFO 35772 --- [BCVWorld] [main] o.s.b.w.embedded.tomcat.TomcatWebServer  : Tomcat initialized with port 8080 (http)
2025-06-07T18:20:39.019+05:30  INFO 35772 --- [BCVWorld] [main] o.apache.catalina.core.StandardService   : Starting service [Tomcat]
2025-06-07T18:20:39.020+05:30  INFO 35772 --- [BCVWorld] [main] o.apache.catalina.core.StandardEngine    : Starting Servlet engine: [Apache Tomcat/10.1.40]
2025-06-07T18:20:39.155+05:30  INFO 35772 --- [BCVWorld] [main] o.a.c.c.C.[Tomcat].[localhost].[/]       : Initializing Spring embedded WebApplicationContext
2025-06-07T18:20:39.156+05:30  INFO 35772 --- [BCVWorld] [main] w.s.c.ServletWebServerApplicationContext : Root WebApplicationContext: initialization completed in 2278 ms
2025-06-07T18:20:39.435+05:30  INFO 35772 --- [BCVWorld] [main] o.hibernate.jpa.internal.util.LogHelper  : HHH000204: Processing PersistenceUnitInfo [name: default]
2025-06-07T18:20:39.566+05:30  INFO 35772 --- [BCVWorld] [main] org.hibernate.Version                    : HHH000412: Hibernate ORM core version 6.6.13.Final
2025-06-07T18:20:39.645+05:30  INFO 35772 --- [BCVWorld] [main] o.h.c.internal.RegionFactoryInitiator    : HHH000026: Second-level cache disabled
2025-06-07T18:20:40.237+05:30  INFO 35772 --- [BCVWorld] [main] o.s.o.j.p.SpringPersistenceUnitInfo      : No LoadTimeWeaver setup: ignoring JPA class transformer
2025-06-07T18:20:40.302+05:30  INFO 35772 --- [BCVWorld] [main] com.zaxxer.hikari.HikariDataSource       : HikariPool-1 - Starting...
2025-06-07T18:20:40.764+05:30  INFO 35772 --- [BCVWorld] [main] com.zaxxer.hikari.pool.HikariPool        : HikariPool-1 - Added connection com.mysql.cj.jdbc.ConnectionImpl@19f497aa
2025-06-07T18:20:40.768+05:30  INFO 35772 --- [BCVWorld] [main] com.zaxxer.hikari.HikariDataSource       : HikariPool-1 - Start completed.
2025-06-07T18:20:41.036+05:30  WARN 35772 --- [BCVWorld] [main] org.hibernate.orm.deprecation            : HHH90000025: MySQLDialect does not need to be specified explicitly using 'hibernate.dialect' (remove the property setting and it will be selected by default)
2025-06-07T18:20:41.083+05:30  INFO 35772 --- [BCVWorld] [main] org.hibernate.orm.connections.pooling    : HHH10001005: Database info:
	Database JDBC URL [Connecting through datasource 'HikariDataSource (HikariPool-1)']
	Database driver: undefined/unknown
	Database version: 8.0.37
	Autocommit mode: undefined/unknown
	Isolation level: undefined/unknown
	Minimum pool size: undefined/unknown
	Maximum pool size: undefined/unknown
2025-06-07T18:20:42.591+05:30  INFO 35772 --- [BCVWorld] [main] o.h.e.t.j.p.i.JtaPlatformInitiator       : HHH000489: No JTA platform available (set 'hibernate.transaction.jta.platform' to enable JTA platform integration)
2025-06-07T18:20:42.718+05:30  INFO 35772 --- [BCVWorld] [main] j.LocalContainerEntityManagerFactoryBean : Initialized JPA EntityManagerFactory for persistence unit 'default'
2025-06-07T18:20:43.389+05:30  WARN 35772 --- [BCVWorld] [main] JpaBaseConfiguration$JpaWebConfiguration : spring.jpa.open-in-view is enabled by default. Therefore, database queries may be performed during view rendering. Explicitly configure spring.jpa.open-in-view to disable this warning
2025-06-07T18:20:44.106+05:30  INFO 35772 --- [BCVWorld] [main] o.s.b.w.embedded.tomcat.TomcatWebServer  : Tomcat started on port 8080 (http) with context path '/'
2025-06-07T18:20:44.121+05:30  INFO 35772 --- [BCVWorld] [main] com.bcv.world.BcvWorldApplication        : Started BcvWorldApplication in 8.206 seconds (process running for 10.093)
2025-06-07T18:29:28.724+05:30  INFO 35772 --- [BCVWorld] [RMI TCP Connection(19)-127.0.0.1] inMXBeanRegistrar$SpringApplicationAdmin : Application shutdown requested.
2025-06-07T18:29:28.728+05:30  INFO 35772 --- [BCVWorld] [RMI TCP Connection(19)-127.0.0.1] o.s.b.w.e.tomcat.GracefulShutdown        : Commencing graceful shutdown. Waiting for active requests to complete
2025-06-07T18:29:28.835+05:30  INFO 35772 --- [BCVWorld] [tomcat-shutdown] o.s.b.w.e.tomcat.GracefulShutdown        : Graceful shutdown complete
2025-06-07T18:29:28.840+05:30  INFO 35772 --- [BCVWorld] [RMI TCP Connection(19)-127.0.0.1] j.LocalContainerEntityManagerFactoryBean : Closing JPA EntityManagerFactory for persistence unit 'default'
2025-06-07T18:29:28.845+05:30  INFO 35772 --- [BCVWorld] [RMI TCP Connection(19)-127.0.0.1] com.zaxxer.hikari.HikariDataSource       : HikariPool-1 - Shutdown initiated...
2025-06-07T18:29:28.856+05:30  INFO 35772 --- [BCVWorld] [RMI TCP Connection(19)-127.0.0.1] com.zaxxer.hikari.HikariDataSource       : HikariPool-1 - Shutdown completed.
2025-06-07T18:29:33.189+05:30  INFO 37564 --- [BCVWorld] [main] com.bcv.world.BcvWorldApplication        : Starting BcvWorldApplication using Java 17.0.11 with PID 37564 (D:\LearningInterview\BCVWorld\target\classes started by Bhagavan in D:\LearningInterview\BCVWorld)
2025-06-07T18:29:33.193+05:30  INFO 37564 --- [BCVWorld] [main] com.bcv.world.BcvWorldApplication        : No active profile set, falling back to 1 default profile: "default"
2025-06-07T18:29:34.172+05:30  INFO 37564 --- [BCVWorld] [main] .s.d.r.c.RepositoryConfigurationDelegate : Bootstrapping Spring Data JPA repositories in DEFAULT mode.
2025-06-07T18:29:34.271+05:30  INFO 37564 --- [BCVWorld] [main] .s.d.r.c.RepositoryConfigurationDelegate : Finished Spring Data repository scanning in 84 ms. Found 1 JPA repository interface.
2025-06-07T18:29:35.099+05:30  INFO 37564 --- [BCVWorld] [main] o.s.b.w.embedded.tomcat.TomcatWebServer  : Tomcat initialized with port 8080 (http)
2025-06-07T18:29:35.123+05:30  INFO 37564 --- [BCVWorld] [main] o.apache.catalina.core.StandardService   : Starting service [Tomcat]
2025-06-07T18:29:35.123+05:30  INFO 37564 --- [BCVWorld] [main] o.apache.catalina.core.StandardEngine    : Starting Servlet engine: [Apache Tomcat/10.1.40]
2025-06-07T18:29:35.251+05:30  INFO 37564 --- [BCVWorld] [main] o.a.c.c.C.[Tomcat].[localhost].[/]       : Initializing Spring embedded WebApplicationContext
2025-06-07T18:29:35.251+05:30  INFO 37564 --- [BCVWorld] [main] w.s.c.ServletWebServerApplicationContext : Root WebApplicationContext: initialization completed in 1989 ms
2025-06-07T18:29:35.494+05:30  INFO 37564 --- [BCVWorld] [main] o.hibernate.jpa.internal.util.LogHelper  : HHH000204: Processing PersistenceUnitInfo [name: default]
2025-06-07T18:29:35.579+05:30  INFO 37564 --- [BCVWorld] [main] org.hibernate.Version                    : HHH000412: Hibernate ORM core version 6.6.13.Final
2025-06-07T18:29:35.638+05:30  INFO 37564 --- [BCVWorld] [main] o.h.c.internal.RegionFactoryInitiator    : HHH000026: Second-level cache disabled
2025-06-07T18:29:36.106+05:30  INFO 37564 --- [BCVWorld] [main] o.s.o.j.p.SpringPersistenceUnitInfo      : No LoadTimeWeaver setup: ignoring JPA class transformer
2025-06-07T18:29:36.156+05:30  INFO 37564 --- [BCVWorld] [main] com.zaxxer.hikari.HikariDataSource       : HikariPool-1 - Starting...
2025-06-07T18:29:36.409+05:30  INFO 37564 --- [BCVWorld] [main] com.zaxxer.hikari.pool.HikariPool        : HikariPool-1 - Added connection com.mysql.cj.jdbc.ConnectionImpl@727dcc64
2025-06-07T18:29:36.412+05:30  INFO 37564 --- [BCVWorld] [main] com.zaxxer.hikari.HikariDataSource       : HikariPool-1 - Start completed.
2025-06-07T18:29:36.505+05:30  WARN 37564 --- [BCVWorld] [main] org.hibernate.orm.deprecation            : HHH90000025: MySQLDialect does not need to be specified explicitly using 'hibernate.dialect' (remove the property setting and it will be selected by default)
2025-06-07T18:29:36.538+05:30  INFO 37564 --- [BCVWorld] [main] org.hibernate.orm.connections.pooling    : HHH10001005: Database info:
	Database JDBC URL [Connecting through datasource 'HikariDataSource (HikariPool-1)']
	Database driver: undefined/unknown
	Database version: 8.0.37
	Autocommit mode: undefined/unknown
	Isolation level: undefined/unknown
	Minimum pool size: undefined/unknown
	Maximum pool size: undefined/unknown
2025-06-07T18:29:37.823+05:30  INFO 37564 --- [BCVWorld] [main] o.h.e.t.j.p.i.JtaPlatformInitiator       : HHH000489: No JTA platform available (set 'hibernate.transaction.jta.platform' to enable JTA platform integration)
2025-06-07T18:29:37.918+05:30  INFO 37564 --- [BCVWorld] [main] j.LocalContainerEntityManagerFactoryBean : Initialized JPA EntityManagerFactory for persistence unit 'default'
2025-06-07T18:29:38.500+05:30  WARN 37564 --- [BCVWorld] [main] JpaBaseConfiguration$JpaWebConfiguration : spring.jpa.open-in-view is enabled by default. Therefore, database queries may be performed during view rendering. Explicitly configure spring.jpa.open-in-view to disable this warning
2025-06-07T18:29:39.128+05:30  INFO 37564 --- [BCVWorld] [main] o.s.b.w.embedded.tomcat.TomcatWebServer  : Tomcat started on port 8080 (http) with context path '/'
2025-06-07T18:29:39.142+05:30  INFO 37564 --- [BCVWorld] [main] com.bcv.world.BcvWorldApplication        : Started BcvWorldApplication in 6.663 seconds (process running for 7.922)
2025-06-07T18:29:59.464+05:30  INFO 37564 --- [BCVWorld] [RMI TCP Connection(8)-127.0.0.1] inMXBeanRegistrar$SpringApplicationAdmin : Application shutdown requested.
2025-06-07T18:29:59.468+05:30  INFO 37564 --- [BCVWorld] [RMI TCP Connection(8)-127.0.0.1] o.s.b.w.e.tomcat.GracefulShutdown        : Commencing graceful shutdown. Waiting for active requests to complete
2025-06-07T18:29:59.591+05:30  INFO 37564 --- [BCVWorld] [tomcat-shutdown] o.s.b.w.e.tomcat.GracefulShutdown        : Graceful shutdown complete
2025-06-07T18:29:59.596+05:30  INFO 37564 --- [BCVWorld] [RMI TCP Connection(8)-127.0.0.1] j.LocalContainerEntityManagerFactoryBean : Closing JPA EntityManagerFactory for persistence unit 'default'
2025-06-07T18:29:59.600+05:30  INFO 37564 --- [BCVWorld] [RMI TCP Connection(8)-127.0.0.1] com.zaxxer.hikari.HikariDataSource       : HikariPool-1 - Shutdown initiated...
2025-06-07T18:29:59.610+05:30  INFO 37564 --- [BCVWorld] [RMI TCP Connection(8)-127.0.0.1] com.zaxxer.hikari.HikariDataSource       : HikariPool-1 - Shutdown completed.
2025-06-07T18:30:03.896+05:30  INFO 37676 --- [BCVWorld] [main] com.bcv.world.BcvWorldApplication        : Starting BcvWorldApplication using Java 17.0.11 with PID 37676 (D:\LearningInterview\BCVWorld\target\classes started by Bhagavan in D:\LearningInterview\BCVWorld)
2025-06-07T18:30:03.900+05:30  INFO 37676 --- [BCVWorld] [main] com.bcv.world.BcvWorldApplication        : No active profile set, falling back to 1 default profile: "default"
2025-06-07T18:30:04.929+05:30  INFO 37676 --- [BCVWorld] [main] .s.d.r.c.RepositoryConfigurationDelegate : Bootstrapping Spring Data JPA repositories in DEFAULT mode.
2025-06-07T18:30:05.031+05:30  INFO 37676 --- [BCVWorld] [main] .s.d.r.c.RepositoryConfigurationDelegate : Finished Spring Data repository scanning in 86 ms. Found 1 JPA repository interface.
2025-06-07T18:30:05.834+05:30  INFO 37676 --- [BCVWorld] [main] o.s.b.w.embedded.tomcat.TomcatWebServer  : Tomcat initialized with port 8080 (http)
2025-06-07T18:30:05.855+05:30  INFO 37676 --- [BCVWorld] [main] o.apache.catalina.core.StandardService   : Starting service [Tomcat]
2025-06-07T18:30:05.856+05:30  INFO 37676 --- [BCVWorld] [main] o.apache.catalina.core.StandardEngine    : Starting Servlet engine: [Apache Tomcat/10.1.40]
2025-06-07T18:30:05.975+05:30  INFO 37676 --- [BCVWorld] [main] o.a.c.c.C.[Tomcat].[localhost].[/]       : Initializing Spring embedded WebApplicationContext
2025-06-07T18:30:05.976+05:30  INFO 37676 --- [BCVWorld] [main] w.s.c.ServletWebServerApplicationContext : Root WebApplicationContext: initialization completed in 2005 ms
2025-06-07T18:30:06.210+05:30  INFO 37676 --- [BCVWorld] [main] o.hibernate.jpa.internal.util.LogHelper  : HHH000204: Processing PersistenceUnitInfo [name: default]
2025-06-07T18:30:06.295+05:30  INFO 37676 --- [BCVWorld] [main] org.hibernate.Version                    : HHH000412: Hibernate ORM core version 6.6.13.Final
2025-06-07T18:30:06.351+05:30  INFO 37676 --- [BCVWorld] [main] o.h.c.internal.RegionFactoryInitiator    : HHH000026: Second-level cache disabled
2025-06-07T18:30:06.812+05:30  INFO 37676 --- [BCVWorld] [main] o.s.o.j.p.SpringPersistenceUnitInfo      : No LoadTimeWeaver setup: ignoring JPA class transformer
2025-06-07T18:30:06.865+05:30  INFO 37676 --- [BCVWorld] [main] com.zaxxer.hikari.HikariDataSource       : HikariPool-1 - Starting...
2025-06-07T18:30:07.108+05:30  INFO 37676 --- [BCVWorld] [main] com.zaxxer.hikari.pool.HikariPool        : HikariPool-1 - Added connection com.mysql.cj.jdbc.ConnectionImpl@15371de2
2025-06-07T18:30:07.112+05:30  INFO 37676 --- [BCVWorld] [main] com.zaxxer.hikari.HikariDataSource       : HikariPool-1 - Start completed.
2025-06-07T18:30:07.226+05:30  WARN 37676 --- [BCVWorld] [main] org.hibernate.orm.deprecation            : HHH90000025: MySQLDialect does not need to be specified explicitly using 'hibernate.dialect' (remove the property setting and it will be selected by default)
2025-06-07T18:30:07.260+05:30  INFO 37676 --- [BCVWorld] [main] org.hibernate.orm.connections.pooling    : HHH10001005: Database info:
	Database JDBC URL [Connecting through datasource 'HikariDataSource (HikariPool-1)']
	Database driver: undefined/unknown
	Database version: 8.0.37
	Autocommit mode: undefined/unknown
	Isolation level: undefined/unknown
	Minimum pool size: undefined/unknown
	Maximum pool size: undefined/unknown
2025-06-07T18:30:08.552+05:30  INFO 37676 --- [BCVWorld] [main] o.h.e.t.j.p.i.JtaPlatformInitiator       : HHH000489: No JTA platform available (set 'hibernate.transaction.jta.platform' to enable JTA platform integration)
2025-06-07T18:30:08.642+05:30  INFO 37676 --- [BCVWorld] [main] j.LocalContainerEntityManagerFactoryBean : Initialized JPA EntityManagerFactory for persistence unit 'default'
2025-06-07T18:30:09.191+05:30  WARN 37676 --- [BCVWorld] [main] JpaBaseConfiguration$JpaWebConfiguration : spring.jpa.open-in-view is enabled by default. Therefore, database queries may be performed during view rendering. Explicitly configure spring.jpa.open-in-view to disable this warning
2025-06-07T18:30:09.824+05:30  INFO 37676 --- [BCVWorld] [main] o.s.b.w.embedded.tomcat.TomcatWebServer  : Tomcat started on port 8080 (http) with context path '/'
2025-06-07T18:30:09.838+05:30  INFO 37676 --- [BCVWorld] [main] com.bcv.world.BcvWorldApplication        : Started BcvWorldApplication in 6.663 seconds (process running for 7.912)
2025-06-07T18:39:37.107+05:30  INFO 37676 --- [BCVWorld] [http-nio-8080-exec-2] o.a.c.c.C.[Tomcat].[localhost].[/]       : Initializing Spring DispatcherServlet 'dispatcherServlet'
2025-06-07T18:39:37.108+05:30  INFO 37676 --- [BCVWorld] [http-nio-8080-exec-2] o.s.web.servlet.DispatcherServlet        : Initializing Servlet 'dispatcherServlet'
2025-06-07T18:39:37.110+05:30  INFO 37676 --- [BCVWorld] [http-nio-8080-exec-2] o.s.web.servlet.DispatcherServlet        : Completed initialization in 2 ms
2025-06-07T18:39:53.728+05:30  INFO 37676 --- [BCVWorld] [http-nio-8080-exec-2] c.bcv.world.controller.EmailController   : Fetched 8 users from Firebase
2025-06-07T18:39:54.906+05:30  INFO 37676 --- [BCVWorld] [http-nio-8080-exec-2] c.bcv.world.service.UserDetailsService   : Already exists email so skipping : virajmoger@gmail.com
2025-06-07T18:39:55.104+05:30  INFO 37676 --- [BCVWorld] [http-nio-8080-exec-2] c.bcv.world.service.UserDetailsService   : Inserted new user: sreenivasad36@gmail.com
2025-06-07T18:39:55.122+05:30  INFO 37676 --- [BCVWorld] [http-nio-8080-exec-2] c.bcv.world.service.UserDetailsService   : Already exists email so skipping : hdvijetha@gmail.com
2025-06-07T18:39:55.127+05:30  INFO 37676 --- [BCVWorld] [http-nio-8080-exec-2] c.bcv.world.service.UserDetailsService   : Already exists email so skipping : mubarak84811@gmail.com
2025-06-07T18:39:55.135+05:30  INFO 37676 --- [BCVWorld] [http-nio-8080-exec-2] c.bcv.world.service.UserDetailsService   : Already exists email so skipping : manjunathaum7892@gmail.com
2025-06-07T18:39:55.142+05:30  INFO 37676 --- [BCVWorld] [http-nio-8080-exec-2] c.bcv.world.service.UserDetailsService   : Already exists email so skipping : help.bcv@bcvworld.com
2025-06-07T18:39:55.149+05:30  INFO 37676 --- [BCVWorld] [http-nio-8080-exec-2] c.bcv.world.service.UserDetailsService   : Already exists email so skipping : bhagavancv@gmail.com
2025-06-07T18:39:55.156+05:30  INFO 37676 --- [BCVWorld] [http-nio-8080-exec-2] c.bcv.world.service.UserDetailsService   : Already exists email so skipping : jyothi6690@gmail.com
2025-06-07T18:40:25.637+05:30  INFO 37676 --- [BCVWorld] [http-nio-8080-exec-2] c.bcv.world.service.UserDetailsService   : Email sent to: sreenivasad36@gmail.com
